2024-11-17 19:34:31,702 p=49220 u=jason n=ansible | PLAY [Initial setup] ****************************************************************************************************************************************************
2024-11-17 19:34:31,712 p=49220 u=jason n=ansible | TASK [Gathering Facts] **************************************************************************************************************************************************
2024-11-17 19:34:38,811 p=49220 u=jason n=ansible | fatal: [1PipeTeaseOps-2]: UNREACHABLE! => changed=false 
  msg: 'Failed to connect to the host via ssh: ssh: connect to host 193.40.156.67 port 45322: Network is unreachable'
  unreachable: true
2024-11-17 19:34:38,811 p=49220 u=jason n=ansible | fatal: [1PipeTeaseOps-1]: UNREACHABLE! => changed=false 
  msg: 'Failed to connect to the host via ssh: ssh: connect to host 193.40.156.67 port 36622: Network is unreachable'
  unreachable: true
2024-11-17 19:34:38,812 p=49220 u=jason n=ansible | PLAY RECAP **************************************************************************************************************************************************************
2024-11-17 19:34:38,812 p=49220 u=jason n=ansible | 1PipeTeaseOps-1            : ok=0    changed=0    unreachable=1    failed=0    skipped=0    rescued=0    ignored=0   
2024-11-17 19:34:38,813 p=49220 u=jason n=ansible | 1PipeTeaseOps-2            : ok=0    changed=0    unreachable=1    failed=0    skipped=0    rescued=0    ignored=0   
2024-11-17 19:37:36,427 p=49927 u=jason n=ansible | PLAY [Initial setup] ****************************************************************************************************************************************************
2024-11-17 19:37:36,435 p=49927 u=jason n=ansible | TASK [Gathering Facts] **************************************************************************************************************************************************
2024-11-17 19:37:39,474 p=49927 u=jason n=ansible | ok: [1PipeTeaseOps-2]
2024-11-17 19:37:39,482 p=49927 u=jason n=ansible | ok: [1PipeTeaseOps-1]
2024-11-17 19:37:39,487 p=49927 u=jason n=ansible | TASK [init : Update APT cache] ******************************************************************************************************************************************
2024-11-17 19:37:55,932 p=49927 u=jason n=ansible | changed: [1PipeTeaseOps-2]
2024-11-17 19:37:56,088 p=49927 u=jason n=ansible | changed: [1PipeTeaseOps-1]
2024-11-17 19:37:56,102 p=49927 u=jason n=ansible | PLAY [Configure DNS Server] *********************************************************************************************************************************************
2024-11-17 19:37:56,109 p=49927 u=jason n=ansible | TASK [Gathering Facts] **************************************************************************************************************************************************
2024-11-17 19:37:57,260 p=49927 u=jason n=ansible | ok: [1PipeTeaseOps-2]
2024-11-17 19:37:57,265 p=49927 u=jason n=ansible | TASK [bind : Install Bind9] *********************************************************************************************************************************************
2024-11-17 19:38:34,850 p=49927 u=jason n=ansible | changed: [1PipeTeaseOps-2]
2024-11-17 19:38:34,860 p=49927 u=jason n=ansible | TASK [bind : Template named.conf.options] *******************************************************************************************************************************
2024-11-17 19:38:35,006 p=49927 u=jason n=ansible | An exception occurred during task execution. To see the full traceback, use -vvv. The error was: ansible.errors.AnsibleUndefinedVariable: 'dns_transfer_secret' is undefined
2024-11-17 19:38:35,007 p=49927 u=jason n=ansible | fatal: [1PipeTeaseOps-2]: FAILED! => changed=false 
  msg: 'AnsibleUndefinedVariable: ''dns_transfer_secret'' is undefined'
2024-11-17 19:38:35,007 p=49927 u=jason n=ansible | PLAY RECAP **************************************************************************************************************************************************************
2024-11-17 19:38:35,007 p=49927 u=jason n=ansible | 1PipeTeaseOps-1            : ok=2    changed=1    unreachable=0    failed=0    skipped=0    rescued=0    ignored=0   
2024-11-17 19:38:35,008 p=49927 u=jason n=ansible | 1PipeTeaseOps-2            : ok=4    changed=2    unreachable=0    failed=1    skipped=0    rescued=0    ignored=0   
2024-11-17 19:46:06,290 p=52129 u=jason n=ansible | PLAY [Initial setup] ****************************************************************************************************************************************************
2024-11-17 19:46:06,298 p=52129 u=jason n=ansible | TASK [Gathering Facts] **************************************************************************************************************************************************
2024-11-17 19:46:08,375 p=52129 u=jason n=ansible | ok: [1PipeTeaseOps-1]
2024-11-17 19:46:08,612 p=52129 u=jason n=ansible | ok: [1PipeTeaseOps-2]
2024-11-17 19:46:08,618 p=52129 u=jason n=ansible | TASK [init : Update APT cache] ******************************************************************************************************************************************
2024-11-17 19:46:09,619 p=52129 u=jason n=ansible | ok: [1PipeTeaseOps-1]
2024-11-17 19:46:09,636 p=52129 u=jason n=ansible | ok: [1PipeTeaseOps-2]
2024-11-17 19:46:09,648 p=52129 u=jason n=ansible | PLAY [Configure DNS Server] *********************************************************************************************************************************************
2024-11-17 19:46:09,654 p=52129 u=jason n=ansible | TASK [Gathering Facts] **************************************************************************************************************************************************
2024-11-17 19:46:10,681 p=52129 u=jason n=ansible | ok: [1PipeTeaseOps-2]
2024-11-17 19:46:10,686 p=52129 u=jason n=ansible | TASK [bind : Install Bind9] *********************************************************************************************************************************************
2024-11-17 19:46:11,872 p=52129 u=jason n=ansible | ok: [1PipeTeaseOps-2]
2024-11-17 19:46:11,880 p=52129 u=jason n=ansible | TASK [bind : Template named.conf.options] *******************************************************************************************************************************
2024-11-17 19:46:12,021 p=52129 u=jason n=ansible | An exception occurred during task execution. To see the full traceback, use -vvv. The error was: ansible.errors.AnsibleUndefinedVariable: 'dns_transfer_secret' is undefined
2024-11-17 19:46:12,021 p=52129 u=jason n=ansible | fatal: [1PipeTeaseOps-2]: FAILED! => changed=false 
  msg: 'AnsibleUndefinedVariable: ''dns_transfer_secret'' is undefined'
2024-11-17 19:46:12,022 p=52129 u=jason n=ansible | PLAY RECAP **************************************************************************************************************************************************************
2024-11-17 19:46:12,022 p=52129 u=jason n=ansible | 1PipeTeaseOps-1            : ok=2    changed=0    unreachable=0    failed=0    skipped=0    rescued=0    ignored=0   
2024-11-17 19:46:12,022 p=52129 u=jason n=ansible | 1PipeTeaseOps-2            : ok=4    changed=0    unreachable=0    failed=1    skipped=0    rescued=0    ignored=0   
2024-11-17 19:46:22,577 p=52288 u=jason n=ansible | PLAY [Initial setup] ****************************************************************************************************************************************************
2024-11-17 19:46:22,583 p=52288 u=jason n=ansible | TASK [Gathering Facts] **************************************************************************************************************************************************
2024-11-17 19:46:24,122 p=52288 u=jason n=ansible | ok: [1PipeTeaseOps-1]
2024-11-17 19:46:24,144 p=52288 u=jason n=ansible | ok: [1PipeTeaseOps-2]
2024-11-17 19:46:24,148 p=52288 u=jason n=ansible | TASK [init : Update APT cache] ******************************************************************************************************************************************
2024-11-17 19:46:25,099 p=52288 u=jason n=ansible | ok: [1PipeTeaseOps-1]
2024-11-17 19:46:25,131 p=52288 u=jason n=ansible | ok: [1PipeTeaseOps-2]
2024-11-17 19:46:25,140 p=52288 u=jason n=ansible | PLAY [Configure DNS Server] *********************************************************************************************************************************************
2024-11-17 19:46:25,146 p=52288 u=jason n=ansible | TASK [Gathering Facts] **************************************************************************************************************************************************
2024-11-17 19:46:26,234 p=52288 u=jason n=ansible | ok: [1PipeTeaseOps-2]
2024-11-17 19:46:26,239 p=52288 u=jason n=ansible | TASK [bind : Install Bind9] *********************************************************************************************************************************************
2024-11-17 19:46:27,547 p=52288 u=jason n=ansible | ok: [1PipeTeaseOps-2]
2024-11-17 19:46:27,554 p=52288 u=jason n=ansible | TASK [bind : Template named.conf.options] *******************************************************************************************************************************
2024-11-17 19:46:28,862 p=52288 u=jason n=ansible | ERROR! The requested handler 'Restart Bind9' was not found in either the main handlers list nor in the listening handlers list
2024-11-17 19:47:26,525 p=52612 u=jason n=ansible | PLAY [Initial setup] ****************************************************************************************************************************************************
2024-11-17 19:47:26,531 p=52612 u=jason n=ansible | TASK [Gathering Facts] **************************************************************************************************************************************************
2024-11-17 19:47:27,892 p=52612 u=jason n=ansible | ok: [1PipeTeaseOps-2]
2024-11-17 19:47:28,177 p=52612 u=jason n=ansible | ok: [1PipeTeaseOps-1]
2024-11-17 19:47:28,182 p=52612 u=jason n=ansible | TASK [init : Update APT cache] ******************************************************************************************************************************************
2024-11-17 19:47:29,198 p=52612 u=jason n=ansible | ok: [1PipeTeaseOps-2]
2024-11-17 19:47:29,199 p=52612 u=jason n=ansible | ok: [1PipeTeaseOps-1]
2024-11-17 19:47:29,212 p=52612 u=jason n=ansible | PLAY [Configure DNS Server] *********************************************************************************************************************************************
2024-11-17 19:47:29,219 p=52612 u=jason n=ansible | TASK [Gathering Facts] **************************************************************************************************************************************************
2024-11-17 19:47:30,339 p=52612 u=jason n=ansible | ok: [1PipeTeaseOps-2]
2024-11-17 19:47:30,344 p=52612 u=jason n=ansible | TASK [bind : Install Bind9] *********************************************************************************************************************************************
2024-11-17 19:47:31,551 p=52612 u=jason n=ansible | ok: [1PipeTeaseOps-2]
2024-11-17 19:47:31,559 p=52612 u=jason n=ansible | TASK [bind : Template named.conf.options] *******************************************************************************************************************************
2024-11-17 19:47:32,517 p=52612 u=jason n=ansible | ok: [1PipeTeaseOps-2]
2024-11-17 19:47:32,523 p=52612 u=jason n=ansible | TASK [bind : Template named.conf.local] *********************************************************************************************************************************
2024-11-17 19:47:33,397 p=52612 u=jason n=ansible | changed: [1PipeTeaseOps-2]
2024-11-17 19:47:33,403 p=52612 u=jason n=ansible | TASK [bind : Template forward zone file] ********************************************************************************************************************************
2024-11-17 19:47:34,178 p=52612 u=jason n=ansible | changed: [1PipeTeaseOps-2]
2024-11-17 19:47:34,184 p=52612 u=jason n=ansible | TASK [bind : Template reverse zone file] ********************************************************************************************************************************
2024-11-17 19:47:34,915 p=52612 u=jason n=ansible | changed: [1PipeTeaseOps-2]
2024-11-17 19:47:34,922 p=52612 u=jason n=ansible | TASK [bind : Validate Bind9 Configuration] ******************************************************************************************************************************
2024-11-17 19:47:35,353 p=52612 u=jason n=ansible | fatal: [1PipeTeaseOps-2]: FAILED! => changed=false 
  cmd:
  - named-checkconf
  delta: '0:00:00.012425'
  end: '2024-11-17 17:47:35.249403'
  failed_when_result: true
  msg: non-zero return code
  rc: 1
  start: '2024-11-17 17:47:35.236978'
  stderr: ''
  stderr_lines: <omitted>
  stdout: '/etc/bind/named.conf.options:3: missing '';'' before ''options'''
  stdout_lines: <omitted>
2024-11-17 19:47:35,354 p=52612 u=jason n=ansible | PLAY RECAP **************************************************************************************************************************************************************
2024-11-17 19:47:35,354 p=52612 u=jason n=ansible | 1PipeTeaseOps-1            : ok=2    changed=0    unreachable=0    failed=0    skipped=0    rescued=0    ignored=0   
2024-11-17 19:47:35,354 p=52612 u=jason n=ansible | 1PipeTeaseOps-2            : ok=8    changed=3    unreachable=0    failed=1    skipped=0    rescued=0    ignored=0   
2024-11-17 19:49:08,749 p=53125 u=jason n=ansible | PLAY [Initial setup] ****************************************************************************************************************************************************
2024-11-17 19:49:08,757 p=53125 u=jason n=ansible | TASK [Gathering Facts] **************************************************************************************************************************************************
2024-11-17 19:49:10,822 p=53125 u=jason n=ansible | ok: [1PipeTeaseOps-1]
2024-11-17 19:49:10,823 p=53125 u=jason n=ansible | ok: [1PipeTeaseOps-2]
2024-11-17 19:49:10,827 p=53125 u=jason n=ansible | TASK [init : Update APT cache] ******************************************************************************************************************************************
2024-11-17 19:49:11,802 p=53125 u=jason n=ansible | ok: [1PipeTeaseOps-1]
2024-11-17 19:49:11,831 p=53125 u=jason n=ansible | ok: [1PipeTeaseOps-2]
2024-11-17 19:49:11,842 p=53125 u=jason n=ansible | PLAY [Configure DNS Server] *********************************************************************************************************************************************
2024-11-17 19:49:11,848 p=53125 u=jason n=ansible | TASK [Gathering Facts] **************************************************************************************************************************************************
2024-11-17 19:49:12,953 p=53125 u=jason n=ansible | ok: [1PipeTeaseOps-2]
2024-11-17 19:49:12,958 p=53125 u=jason n=ansible | TASK [bind : Install Bind9] *********************************************************************************************************************************************
2024-11-17 19:49:14,112 p=53125 u=jason n=ansible | ok: [1PipeTeaseOps-2]
2024-11-17 19:49:14,119 p=53125 u=jason n=ansible | TASK [bind : Template named.conf.options] *******************************************************************************************************************************
2024-11-17 19:49:15,080 p=53125 u=jason n=ansible | changed: [1PipeTeaseOps-2]
2024-11-17 19:49:15,086 p=53125 u=jason n=ansible | TASK [bind : Template named.conf.local] *********************************************************************************************************************************
2024-11-17 19:49:15,918 p=53125 u=jason n=ansible | ok: [1PipeTeaseOps-2]
2024-11-17 19:49:15,924 p=53125 u=jason n=ansible | TASK [bind : Template forward zone file] ********************************************************************************************************************************
2024-11-17 19:49:16,686 p=53125 u=jason n=ansible | ok: [1PipeTeaseOps-2]
2024-11-17 19:49:16,693 p=53125 u=jason n=ansible | TASK [bind : Template reverse zone file] ********************************************************************************************************************************
2024-11-17 19:49:17,386 p=53125 u=jason n=ansible | ok: [1PipeTeaseOps-2]
2024-11-17 19:49:17,394 p=53125 u=jason n=ansible | TASK [bind : Validate Bind9 Configuration] ******************************************************************************************************************************
2024-11-17 19:49:17,862 p=53125 u=jason n=ansible | ok: [1PipeTeaseOps-2]
2024-11-17 19:49:17,867 p=53125 u=jason n=ansible | TASK [bind : Validate Forward Zone] *************************************************************************************************************************************
2024-11-17 19:49:18,265 p=53125 u=jason n=ansible | ok: [1PipeTeaseOps-2]
2024-11-17 19:49:18,272 p=53125 u=jason n=ansible | TASK [bind : Validate Reverse Zone] *************************************************************************************************************************************
2024-11-17 19:49:18,664 p=53125 u=jason n=ansible | ok: [1PipeTeaseOps-2]
2024-11-17 19:49:18,672 p=53125 u=jason n=ansible | TASK [bind : Ensure Bind9 is running and enabled] ***********************************************************************************************************************
2024-11-17 19:49:19,394 p=53125 u=jason n=ansible | ok: [1PipeTeaseOps-2]
2024-11-17 19:49:19,408 p=53125 u=jason n=ansible | RUNNING HANDLER [bind : Restart Bind9] **********************************************************************************************************************************
2024-11-17 19:49:20,080 p=53125 u=jason n=ansible | changed: [1PipeTeaseOps-2]
2024-11-17 19:49:20,082 p=53125 u=jason n=ansible | PLAY [Configure DNS Client] *********************************************************************************************************************************************
2024-11-17 19:49:20,089 p=53125 u=jason n=ansible | TASK [Gathering Facts] **************************************************************************************************************************************************
2024-11-17 19:49:21,208 p=53125 u=jason n=ansible | ok: [1PipeTeaseOps-1]
2024-11-17 19:49:21,213 p=53125 u=jason n=ansible | ok: [1PipeTeaseOps-2]
2024-11-17 19:49:21,217 p=53125 u=jason n=ansible | TASK [config-dns : Stop and disable systemd-resolved] *******************************************************************************************************************
2024-11-17 19:49:22,150 p=53125 u=jason n=ansible | changed: [1PipeTeaseOps-1]
2024-11-17 19:49:22,150 p=53125 u=jason n=ansible | changed: [1PipeTeaseOps-2]
2024-11-17 19:49:22,162 p=53125 u=jason n=ansible | PLAY [Configure Database Server] ****************************************************************************************************************************************
2024-11-17 19:49:22,168 p=53125 u=jason n=ansible | TASK [Gathering Facts] **************************************************************************************************************************************************
2024-11-17 19:49:23,291 p=53125 u=jason n=ansible | ok: [1PipeTeaseOps-2]
2024-11-17 19:49:23,296 p=53125 u=jason n=ansible | TASK [mysql : Install MySQL Server] *************************************************************************************************************************************
2024-11-17 19:49:32,297 p=53125 u=jason n=ansible | fatal: [1PipeTeaseOps-2]: FAILED! => changed=false 
  cache_update_time: 1731865067
  cache_updated: false
  msg: |-
    '/usr/bin/apt-get -y -o "Dpkg::Options::=--force-confdef" -o "Dpkg::Options::=--force-confold"       install 'mysql-server=8.0.40-0ubuntu0.22.04.1' 'python3-pymysql=1.0.2-1ubuntu1.22.04.1'' failed: E: Failed to fetch http://nova.clouds.archive.ubuntu.com/ubuntu/pool/main/m/mysql-defaults/mysql-common_5.8%2b1.0.8_all.deb  Temporary failure resolving 'nova.clouds.archive.ubuntu.com'
    E: Failed to fetch http://security.ubuntu.com/ubuntu/pool/main/m/mysql-8.0/mysql-client-core-8.0_8.0.40-0ubuntu0.22.04.1_amd64.deb  Temporary failure resolving 'nova.clouds.archive.ubuntu.com'
    E: Failed to fetch http://security.ubuntu.com/ubuntu/pool/main/m/mysql-8.0/mysql-client-8.0_8.0.40-0ubuntu0.22.04.1_amd64.deb  Temporary failure resolving 'nova.clouds.archive.ubuntu.com'
    E: Failed to fetch http://nova.clouds.archive.ubuntu.com/ubuntu/pool/main/libe/libevent/libevent-pthreads-2.1-7_2.1.12-stable-1build3_amd64.deb  Temporary failure resolving 'nova.clouds.archive.ubuntu.com'
    E: Failed to fetch http://nova.clouds.archive.ubuntu.com/ubuntu/pool/main/m/mecab/libmecab2_0.996-14build9_amd64.deb  Temporary failure resolving 'nova.clouds.archive.ubuntu.com'
    E: Failed to fetch http://security.ubuntu.com/ubuntu/pool/main/p/protobuf/libprotobuf-lite23_3.12.4-1ubuntu7.22.04.1_amd64.deb  Temporary failure resolving 'nova.clouds.archive.ubuntu.com'
    E: Failed to fetch http://security.ubuntu.com/ubuntu/pool/main/m/mysql-8.0/mysql-server-core-8.0_8.0.40-0ubuntu0.22.04.1_amd64.deb  Temporary failure resolving 'nova.clouds.archive.ubuntu.com'
    E: Failed to fetch http://security.ubuntu.com/ubuntu/pool/main/m/mysql-8.0/mysql-server-8.0_8.0.40-0ubuntu0.22.04.1_amd64.deb  Temporary failure resolving 'nova.clouds.archive.ubuntu.com'
    E: Failed to fetch http://nova.clouds.archive.ubuntu.com/ubuntu/pool/main/libh/libhtml-tagset-perl/libhtml-tagset-perl_3.20-4_all.deb  Temporary failure resolving 'nova.clouds.archive.ubuntu.com'
    E: Failed to fetch http://nova.clouds.archive.ubuntu.com/ubuntu/pool/main/libu/liburi-perl/liburi-perl_5.10-1_all.deb  Temporary failure resolving 'nova.clouds.archive.ubuntu.com'
    E: Failed to fetch http://nova.clouds.archive.ubuntu.com/ubuntu/pool/main/libh/libhtml-parser-perl/libhtml-parser-perl_3.76-1build2_amd64.deb  Temporary failure resolving 'nova.clouds.archive.ubuntu.com'
    E: Failed to fetch http://nova.clouds.archive.ubuntu.com/ubuntu/pool/main/libc/libcgi-pm-perl/libcgi-pm-perl_4.54-1_all.deb  Temporary failure resolving 'nova.clouds.archive.ubuntu.com'
    E: Failed to fetch http://nova.clouds.archive.ubuntu.com/ubuntu/pool/main/libf/libfcgi/libfcgi0ldbl_2.4.2-2build2_amd64.deb  Temporary failure resolving 'nova.clouds.archive.ubuntu.com'
    E: Failed to fetch http://nova.clouds.archive.ubuntu.com/ubuntu/pool/main/libf/libfcgi-perl/libfcgi-perl_0.82%2bds-1build1_amd64.deb  Temporary failure resolving 'nova.clouds.archive.ubuntu.com'
    E: Failed to fetch http://nova.clouds.archive.ubuntu.com/ubuntu/pool/main/libc/libcgi-fast-perl/libcgi-fast-perl_2.15-1_all.deb  Temporary failure resolving 'nova.clouds.archive.ubuntu.com'
    E: Failed to fetch http://nova.clouds.archive.ubuntu.com/ubuntu/pool/main/libc/libclone-perl/libclone-perl_0.45-1build3_amd64.deb  Temporary failure resolving 'nova.clouds.archive.ubuntu.com'
    E: Failed to fetch http://nova.clouds.archive.ubuntu.com/ubuntu/pool/main/libe/libencode-locale-perl/libencode-locale-perl_1.05-1.1_all.deb  Temporary failure resolving 'nova.clouds.archive.ubuntu.com'
    E: Failed to fetch http://nova.clouds.archive.ubuntu.com/ubuntu/pool/main/libf/libfcgi/libfcgi-bin_2.4.2-2build2_amd64.deb  Temporary failure resolving 'nova.clouds.archive.ubuntu.com'
    E: Failed to fetch http://nova.clouds.archive.ubuntu.com/ubuntu/pool/main/libh/libhtml-template-perl/libhtml-template-perl_2.97-1.1_all.deb  Temporary failure resolving 'nova.clouds.archive.ubuntu.com'
    E: Failed to fetch http://nova.clouds.archive.ubuntu.com/ubuntu/pool/main/libt/libtimedate-perl/libtimedate-perl_2.3300-2_all.deb  Temporary failure resolving 'nova.clouds.archive.ubuntu.com'
    E: Failed to fetch http://nova.clouds.archive.ubuntu.com/ubuntu/pool/main/libh/libhttp-date-perl/libhttp-date-perl_6.05-1_all.deb  Temporary failure resolving 'nova.clouds.archive.ubuntu.com'
    E: Failed to fetch http://nova.clouds.archive.ubuntu.com/ubuntu/pool/main/libi/libio-html-perl/libio-html-perl_1.004-2_all.deb  Temporary failure resolving 'nova.clouds.archive.ubuntu.com'
    E: Failed to fetch http://nova.clouds.archive.ubuntu.com/ubuntu/pool/main/libl/liblwp-mediatypes-perl/liblwp-mediatypes-perl_6.04-1_all.deb  Temporary failure resolving 'nova.clouds.archive.ubuntu.com'
    E: Failed to fetch http://nova.clouds.archive.ubuntu.com/ubuntu/pool/main/libh/libhttp-message-perl/libhttp-message-perl_6.36-1_all.deb  Temporary failure resolving 'nova.clouds.archive.ubuntu.com'
    E: Failed to fetch http://nova.clouds.archive.ubuntu.com/ubuntu/pool/main/m/mecab/mecab-utils_0.996-14build9_amd64.deb  Temporary failure resolving 'nova.clouds.archive.ubuntu.com'
    E: Failed to fetch http://nova.clouds.archive.ubuntu.com/ubuntu/pool/main/m/mecab-ipadic/mecab-ipadic_2.7.0-20070801%2bmain-3_all.deb  Temporary failure resolving 'nova.clouds.archive.ubuntu.com'
    E: Failed to fetch http://nova.clouds.archive.ubuntu.com/ubuntu/pool/main/m/mecab-ipadic/mecab-ipadic-utf8_2.7.0-20070801%2bmain-3_all.deb  Temporary failure resolving 'nova.clouds.archive.ubuntu.com'
    E: Failed to fetch http://security.ubuntu.com/ubuntu/pool/main/m/mysql-8.0/mysql-server_8.0.40-0ubuntu0.22.04.1_all.deb  Temporary failure resolving 'nova.clouds.archive.ubuntu.com'
    E: Failed to fetch http://security.ubuntu.com/ubuntu/pool/main/p/python-pymysql/python3-pymysql_1.0.2-1ubuntu1.22.04.1_all.deb  Temporary failure resolving 'nova.clouds.archive.ubuntu.com'
    E: Unable to fetch some archives, maybe run apt-get update or try with --fix-missing?
  rc: 100
  stderr: |-
    E: Failed to fetch http://nova.clouds.archive.ubuntu.com/ubuntu/pool/main/m/mysql-defaults/mysql-common_5.8%2b1.0.8_all.deb  Temporary failure resolving 'nova.clouds.archive.ubuntu.com'
    E: Failed to fetch http://security.ubuntu.com/ubuntu/pool/main/m/mysql-8.0/mysql-client-core-8.0_8.0.40-0ubuntu0.22.04.1_amd64.deb  Temporary failure resolving 'nova.clouds.archive.ubuntu.com'
    E: Failed to fetch http://security.ubuntu.com/ubuntu/pool/main/m/mysql-8.0/mysql-client-8.0_8.0.40-0ubuntu0.22.04.1_amd64.deb  Temporary failure resolving 'nova.clouds.archive.ubuntu.com'
    E: Failed to fetch http://nova.clouds.archive.ubuntu.com/ubuntu/pool/main/libe/libevent/libevent-pthreads-2.1-7_2.1.12-stable-1build3_amd64.deb  Temporary failure resolving 'nova.clouds.archive.ubuntu.com'
    E: Failed to fetch http://nova.clouds.archive.ubuntu.com/ubuntu/pool/main/m/mecab/libmecab2_0.996-14build9_amd64.deb  Temporary failure resolving 'nova.clouds.archive.ubuntu.com'
    E: Failed to fetch http://security.ubuntu.com/ubuntu/pool/main/p/protobuf/libprotobuf-lite23_3.12.4-1ubuntu7.22.04.1_amd64.deb  Temporary failure resolving 'nova.clouds.archive.ubuntu.com'
    E: Failed to fetch http://security.ubuntu.com/ubuntu/pool/main/m/mysql-8.0/mysql-server-core-8.0_8.0.40-0ubuntu0.22.04.1_amd64.deb  Temporary failure resolving 'nova.clouds.archive.ubuntu.com'
    E: Failed to fetch http://security.ubuntu.com/ubuntu/pool/main/m/mysql-8.0/mysql-server-8.0_8.0.40-0ubuntu0.22.04.1_amd64.deb  Temporary failure resolving 'nova.clouds.archive.ubuntu.com'
    E: Failed to fetch http://nova.clouds.archive.ubuntu.com/ubuntu/pool/main/libh/libhtml-tagset-perl/libhtml-tagset-perl_3.20-4_all.deb  Temporary failure resolving 'nova.clouds.archive.ubuntu.com'
    E: Failed to fetch http://nova.clouds.archive.ubuntu.com/ubuntu/pool/main/libu/liburi-perl/liburi-perl_5.10-1_all.deb  Temporary failure resolving 'nova.clouds.archive.ubuntu.com'
    E: Failed to fetch http://nova.clouds.archive.ubuntu.com/ubuntu/pool/main/libh/libhtml-parser-perl/libhtml-parser-perl_3.76-1build2_amd64.deb  Temporary failure resolving 'nova.clouds.archive.ubuntu.com'
    E: Failed to fetch http://nova.clouds.archive.ubuntu.com/ubuntu/pool/main/libc/libcgi-pm-perl/libcgi-pm-perl_4.54-1_all.deb  Temporary failure resolving 'nova.clouds.archive.ubuntu.com'
    E: Failed to fetch http://nova.clouds.archive.ubuntu.com/ubuntu/pool/main/libf/libfcgi/libfcgi0ldbl_2.4.2-2build2_amd64.deb  Temporary failure resolving 'nova.clouds.archive.ubuntu.com'
    E: Failed to fetch http://nova.clouds.archive.ubuntu.com/ubuntu/pool/main/libf/libfcgi-perl/libfcgi-perl_0.82%2bds-1build1_amd64.deb  Temporary failure resolving 'nova.clouds.archive.ubuntu.com'
    E: Failed to fetch http://nova.clouds.archive.ubuntu.com/ubuntu/pool/main/libc/libcgi-fast-perl/libcgi-fast-perl_2.15-1_all.deb  Temporary failure resolving 'nova.clouds.archive.ubuntu.com'
    E: Failed to fetch http://nova.clouds.archive.ubuntu.com/ubuntu/pool/main/libc/libclone-perl/libclone-perl_0.45-1build3_amd64.deb  Temporary failure resolving 'nova.clouds.archive.ubuntu.com'
    E: Failed to fetch http://nova.clouds.archive.ubuntu.com/ubuntu/pool/main/libe/libencode-locale-perl/libencode-locale-perl_1.05-1.1_all.deb  Temporary failure resolving 'nova.clouds.archive.ubuntu.com'
    E: Failed to fetch http://nova.clouds.archive.ubuntu.com/ubuntu/pool/main/libf/libfcgi/libfcgi-bin_2.4.2-2build2_amd64.deb  Temporary failure resolving 'nova.clouds.archive.ubuntu.com'
    E: Failed to fetch http://nova.clouds.archive.ubuntu.com/ubuntu/pool/main/libh/libhtml-template-perl/libhtml-template-perl_2.97-1.1_all.deb  Temporary failure resolving 'nova.clouds.archive.ubuntu.com'
    E: Failed to fetch http://nova.clouds.archive.ubuntu.com/ubuntu/pool/main/libt/libtimedate-perl/libtimedate-perl_2.3300-2_all.deb  Temporary failure resolving 'nova.clouds.archive.ubuntu.com'
    E: Failed to fetch http://nova.clouds.archive.ubuntu.com/ubuntu/pool/main/libh/libhttp-date-perl/libhttp-date-perl_6.05-1_all.deb  Temporary failure resolving 'nova.clouds.archive.ubuntu.com'
    E: Failed to fetch http://nova.clouds.archive.ubuntu.com/ubuntu/pool/main/libi/libio-html-perl/libio-html-perl_1.004-2_all.deb  Temporary failure resolving 'nova.clouds.archive.ubuntu.com'
    E: Failed to fetch http://nova.clouds.archive.ubuntu.com/ubuntu/pool/main/libl/liblwp-mediatypes-perl/liblwp-mediatypes-perl_6.04-1_all.deb  Temporary failure resolving 'nova.clouds.archive.ubuntu.com'
    E: Failed to fetch http://nova.clouds.archive.ubuntu.com/ubuntu/pool/main/libh/libhttp-message-perl/libhttp-message-perl_6.36-1_all.deb  Temporary failure resolving 'nova.clouds.archive.ubuntu.com'
    E: Failed to fetch http://nova.clouds.archive.ubuntu.com/ubuntu/pool/main/m/mecab/mecab-utils_0.996-14build9_amd64.deb  Temporary failure resolving 'nova.clouds.archive.ubuntu.com'
    E: Failed to fetch http://nova.clouds.archive.ubuntu.com/ubuntu/pool/main/m/mecab-ipadic/mecab-ipadic_2.7.0-20070801%2bmain-3_all.deb  Temporary failure resolving 'nova.clouds.archive.ubuntu.com'
    E: Failed to fetch http://nova.clouds.archive.ubuntu.com/ubuntu/pool/main/m/mecab-ipadic/mecab-ipadic-utf8_2.7.0-20070801%2bmain-3_all.deb  Temporary failure resolving 'nova.clouds.archive.ubuntu.com'
    E: Failed to fetch http://security.ubuntu.com/ubuntu/pool/main/m/mysql-8.0/mysql-server_8.0.40-0ubuntu0.22.04.1_all.deb  Temporary failure resolving 'nova.clouds.archive.ubuntu.com'
    E: Failed to fetch http://security.ubuntu.com/ubuntu/pool/main/p/python-pymysql/python3-pymysql_1.0.2-1ubuntu1.22.04.1_all.deb  Temporary failure resolving 'nova.clouds.archive.ubuntu.com'
    E: Unable to fetch some archives, maybe run apt-get update or try with --fix-missing?
  stderr_lines: <omitted>
  stdout: |-
    Reading package lists...
    Building dependency tree...
    Reading state information...
    The following additional packages will be installed:
      libcgi-fast-perl libcgi-pm-perl libclone-perl libencode-locale-perl
      libevent-pthreads-2.1-7 libfcgi-bin libfcgi-perl libfcgi0ldbl
      libhtml-parser-perl libhtml-tagset-perl libhtml-template-perl
      libhttp-date-perl libhttp-message-perl libio-html-perl
      liblwp-mediatypes-perl libmecab2 libprotobuf-lite23 libtimedate-perl
      liburi-perl mecab-ipadic mecab-ipadic-utf8 mecab-utils mysql-client-8.0
      mysql-client-core-8.0 mysql-common mysql-server-8.0 mysql-server-core-8.0
    Suggested packages:
      libdata-dump-perl libipc-sharedcache-perl libbusiness-isbn-perl libwww-perl
      mailx tinyca python-pymysql-doc
    The following NEW packages will be installed:
      libcgi-fast-perl libcgi-pm-perl libclone-perl libencode-locale-perl
      libevent-pthreads-2.1-7 libfcgi-bin libfcgi-perl libfcgi0ldbl
      libhtml-parser-perl libhtml-tagset-perl libhtml-template-perl
      libhttp-date-perl libhttp-message-perl libio-html-perl
      liblwp-mediatypes-perl libmecab2 libprotobuf-lite23 libtimedate-perl
      liburi-perl mecab-ipadic mecab-ipadic-utf8 mecab-utils mysql-client-8.0
      mysql-client-core-8.0 mysql-common mysql-server mysql-server-8.0
      mysql-server-core-8.0 python3-pymysql
    0 upgraded, 29 newly installed, 0 to remove and 122 not upgraded.
    Need to get 29.7 MB of archives.
    After this operation, 243 MB of additional disk space will be used.
    Ign:1 http://nova.clouds.archive.ubuntu.com/ubuntu jammy/main amd64 mysql-common all 5.8+1.0.8
    Ign:2 http://nova.clouds.archive.ubuntu.com/ubuntu jammy-updates/main amd64 mysql-client-core-8.0 amd64 8.0.40-0ubuntu0.22.04.1
    Ign:3 http://nova.clouds.archive.ubuntu.com/ubuntu jammy-updates/main amd64 mysql-client-8.0 amd64 8.0.40-0ubuntu0.22.04.1
    Ign:4 http://nova.clouds.archive.ubuntu.com/ubuntu jammy/main amd64 libevent-pthreads-2.1-7 amd64 2.1.12-stable-1build3
    Ign:5 http://nova.clouds.archive.ubuntu.com/ubuntu jammy/main amd64 libmecab2 amd64 0.996-14build9
    Ign:6 http://nova.clouds.archive.ubuntu.com/ubuntu jammy-updates/main amd64 libprotobuf-lite23 amd64 3.12.4-1ubuntu7.22.04.1
    Ign:7 http://nova.clouds.archive.ubuntu.com/ubuntu jammy-updates/main amd64 mysql-server-core-8.0 amd64 8.0.40-0ubuntu0.22.04.1
    Ign:8 http://nova.clouds.archive.ubuntu.com/ubuntu jammy-updates/main amd64 mysql-server-8.0 amd64 8.0.40-0ubuntu0.22.04.1
    Ign:9 http://nova.clouds.archive.ubuntu.com/ubuntu jammy/main amd64 libhtml-tagset-perl all 3.20-4
    Ign:10 http://nova.clouds.archive.ubuntu.com/ubuntu jammy/main amd64 liburi-perl all 5.10-1
    Ign:11 http://nova.clouds.archive.ubuntu.com/ubuntu jammy/main amd64 libhtml-parser-perl amd64 3.76-1build2
    Ign:12 http://nova.clouds.archive.ubuntu.com/ubuntu jammy/main amd64 libcgi-pm-perl all 4.54-1
    Ign:13 http://nova.clouds.archive.ubuntu.com/ubuntu jammy/main amd64 libfcgi0ldbl amd64 2.4.2-2build2
    Ign:14 http://nova.clouds.archive.ubuntu.com/ubuntu jammy/main amd64 libfcgi-perl amd64 0.82+ds-1build1
    Ign:15 http://nova.clouds.archive.ubuntu.com/ubuntu jammy/main amd64 libcgi-fast-perl all 1:2.15-1
    Ign:16 http://nova.clouds.archive.ubuntu.com/ubuntu jammy/main amd64 libclone-perl amd64 0.45-1build3
    Ign:17 http://nova.clouds.archive.ubuntu.com/ubuntu jammy/main amd64 libencode-locale-perl all 1.05-1.1
    Ign:18 http://nova.clouds.archive.ubuntu.com/ubuntu jammy/main amd64 libfcgi-bin amd64 2.4.2-2build2
    Ign:19 http://nova.clouds.archive.ubuntu.com/ubuntu jammy/main amd64 libhtml-template-perl all 2.97-1.1
    Ign:20 http://nova.clouds.archive.ubuntu.com/ubuntu jammy/main amd64 libtimedate-perl all 2.3300-2
    Ign:21 http://nova.clouds.archive.ubuntu.com/ubuntu jammy/main amd64 libhttp-date-perl all 6.05-1
    Ign:22 http://nova.clouds.archive.ubuntu.com/ubuntu jammy/main amd64 libio-html-perl all 1.004-2
    Ign:23 http://nova.clouds.archive.ubuntu.com/ubuntu jammy/main amd64 liblwp-mediatypes-perl all 6.04-1
    Ign:24 http://nova.clouds.archive.ubuntu.com/ubuntu jammy/main amd64 libhttp-message-perl all 6.36-1
    Ign:25 http://nova.clouds.archive.ubuntu.com/ubuntu jammy/main amd64 mecab-utils amd64 0.996-14build9
    Ign:26 http://nova.clouds.archive.ubuntu.com/ubuntu jammy/main amd64 mecab-ipadic all 2.7.0-20070801+main-3
    Ign:27 http://nova.clouds.archive.ubuntu.com/ubuntu jammy/main amd64 mecab-ipadic-utf8 all 2.7.0-20070801+main-3
    Ign:28 http://nova.clouds.archive.ubuntu.com/ubuntu jammy-updates/main amd64 mysql-server all 8.0.40-0ubuntu0.22.04.1
    Ign:29 http://nova.clouds.archive.ubuntu.com/ubuntu jammy-updates/main amd64 python3-pymysql all 1.0.2-1ubuntu1.22.04.1
    Ign:1 http://nova.clouds.archive.ubuntu.com/ubuntu jammy/main amd64 mysql-common all 5.8+1.0.8
    Ign:2 http://nova.clouds.archive.ubuntu.com/ubuntu jammy-updates/main amd64 mysql-client-core-8.0 amd64 8.0.40-0ubuntu0.22.04.1
    Ign:3 http://nova.clouds.archive.ubuntu.com/ubuntu jammy-updates/main amd64 mysql-client-8.0 amd64 8.0.40-0ubuntu0.22.04.1
    Ign:4 http://nova.clouds.archive.ubuntu.com/ubuntu jammy/main amd64 libevent-pthreads-2.1-7 amd64 2.1.12-stable-1build3
    Ign:5 http://nova.clouds.archive.ubuntu.com/ubuntu jammy/main amd64 libmecab2 amd64 0.996-14build9
    Ign:6 http://nova.clouds.archive.ubuntu.com/ubuntu jammy-updates/main amd64 libprotobuf-lite23 amd64 3.12.4-1ubuntu7.22.04.1
    Ign:7 http://nova.clouds.archive.ubuntu.com/ubuntu jammy-updates/main amd64 mysql-server-core-8.0 amd64 8.0.40-0ubuntu0.22.04.1
    Ign:8 http://nova.clouds.archive.ubuntu.com/ubuntu jammy-updates/main amd64 mysql-server-8.0 amd64 8.0.40-0ubuntu0.22.04.1
    Ign:9 http://nova.clouds.archive.ubuntu.com/ubuntu jammy/main amd64 libhtml-tagset-perl all 3.20-4
    Ign:10 http://nova.clouds.archive.ubuntu.com/ubuntu jammy/main amd64 liburi-perl all 5.10-1
    Ign:11 http://nova.clouds.archive.ubuntu.com/ubuntu jammy/main amd64 libhtml-parser-perl amd64 3.76-1build2
    Ign:12 http://nova.clouds.archive.ubuntu.com/ubuntu jammy/main amd64 libcgi-pm-perl all 4.54-1
    Ign:13 http://nova.clouds.archive.ubuntu.com/ubuntu jammy/main amd64 libfcgi0ldbl amd64 2.4.2-2build2
    Ign:14 http://nova.clouds.archive.ubuntu.com/ubuntu jammy/main amd64 libfcgi-perl amd64 0.82+ds-1build1
    Ign:15 http://nova.clouds.archive.ubuntu.com/ubuntu jammy/main amd64 libcgi-fast-perl all 1:2.15-1
    Ign:16 http://nova.clouds.archive.ubuntu.com/ubuntu jammy/main amd64 libclone-perl amd64 0.45-1build3
    Ign:17 http://nova.clouds.archive.ubuntu.com/ubuntu jammy/main amd64 libencode-locale-perl all 1.05-1.1
    Ign:18 http://nova.clouds.archive.ubuntu.com/ubuntu jammy/main amd64 libfcgi-bin amd64 2.4.2-2build2
    Ign:19 http://nova.clouds.archive.ubuntu.com/ubuntu jammy/main amd64 libhtml-template-perl all 2.97-1.1
    Ign:20 http://nova.clouds.archive.ubuntu.com/ubuntu jammy/main amd64 libtimedate-perl all 2.3300-2
    Ign:21 http://nova.clouds.archive.ubuntu.com/ubuntu jammy/main amd64 libhttp-date-perl all 6.05-1
    Ign:22 http://nova.clouds.archive.ubuntu.com/ubuntu jammy/main amd64 libio-html-perl all 1.004-2
    Ign:23 http://nova.clouds.archive.ubuntu.com/ubuntu jammy/main amd64 liblwp-mediatypes-perl all 6.04-1
    Ign:24 http://nova.clouds.archive.ubuntu.com/ubuntu jammy/main amd64 libhttp-message-perl all 6.36-1
    Ign:25 http://nova.clouds.archive.ubuntu.com/ubuntu jammy/main amd64 mecab-utils amd64 0.996-14build9
    Ign:26 http://nova.clouds.archive.ubuntu.com/ubuntu jammy/main amd64 mecab-ipadic all 2.7.0-20070801+main-3
    Ign:27 http://nova.clouds.archive.ubuntu.com/ubuntu jammy/main amd64 mecab-ipadic-utf8 all 2.7.0-20070801+main-3
    Ign:28 http://nova.clouds.archive.ubuntu.com/ubuntu jammy-updates/main amd64 mysql-server all 8.0.40-0ubuntu0.22.04.1
    Ign:29 http://nova.clouds.archive.ubuntu.com/ubuntu jammy-updates/main amd64 python3-pymysql all 1.0.2-1ubuntu1.22.04.1
    Ign:1 http://nova.clouds.archive.ubuntu.com/ubuntu jammy/main amd64 mysql-common all 5.8+1.0.8
    Ign:2 http://nova.clouds.archive.ubuntu.com/ubuntu jammy-updates/main amd64 mysql-client-core-8.0 amd64 8.0.40-0ubuntu0.22.04.1
    Ign:3 http://nova.clouds.archive.ubuntu.com/ubuntu jammy-updates/main amd64 mysql-client-8.0 amd64 8.0.40-0ubuntu0.22.04.1
    Ign:4 http://nova.clouds.archive.ubuntu.com/ubuntu jammy/main amd64 libevent-pthreads-2.1-7 amd64 2.1.12-stable-1build3
    Ign:5 http://nova.clouds.archive.ubuntu.com/ubuntu jammy/main amd64 libmecab2 amd64 0.996-14build9
    Ign:6 http://nova.clouds.archive.ubuntu.com/ubuntu jammy-updates/main amd64 libprotobuf-lite23 amd64 3.12.4-1ubuntu7.22.04.1
    Ign:7 http://nova.clouds.archive.ubuntu.com/ubuntu jammy-updates/main amd64 mysql-server-core-8.0 amd64 8.0.40-0ubuntu0.22.04.1
    Ign:8 http://nova.clouds.archive.ubuntu.com/ubuntu jammy-updates/main amd64 mysql-server-8.0 amd64 8.0.40-0ubuntu0.22.04.1
    Ign:9 http://nova.clouds.archive.ubuntu.com/ubuntu jammy/main amd64 libhtml-tagset-perl all 3.20-4
    Ign:10 http://nova.clouds.archive.ubuntu.com/ubuntu jammy/main amd64 liburi-perl all 5.10-1
    Ign:11 http://nova.clouds.archive.ubuntu.com/ubuntu jammy/main amd64 libhtml-parser-perl amd64 3.76-1build2
    Ign:12 http://nova.clouds.archive.ubuntu.com/ubuntu jammy/main amd64 libcgi-pm-perl all 4.54-1
    Ign:13 http://nova.clouds.archive.ubuntu.com/ubuntu jammy/main amd64 libfcgi0ldbl amd64 2.4.2-2build2
    Ign:14 http://nova.clouds.archive.ubuntu.com/ubuntu jammy/main amd64 libfcgi-perl amd64 0.82+ds-1build1
    Ign:15 http://nova.clouds.archive.ubuntu.com/ubuntu jammy/main amd64 libcgi-fast-perl all 1:2.15-1
    Ign:16 http://nova.clouds.archive.ubuntu.com/ubuntu jammy/main amd64 libclone-perl amd64 0.45-1build3
    Ign:17 http://nova.clouds.archive.ubuntu.com/ubuntu jammy/main amd64 libencode-locale-perl all 1.05-1.1
    Ign:18 http://nova.clouds.archive.ubuntu.com/ubuntu jammy/main amd64 libfcgi-bin amd64 2.4.2-2build2
    Ign:19 http://nova.clouds.archive.ubuntu.com/ubuntu jammy/main amd64 libhtml-template-perl all 2.97-1.1
    Ign:20 http://nova.clouds.archive.ubuntu.com/ubuntu jammy/main amd64 libtimedate-perl all 2.3300-2
    Ign:21 http://nova.clouds.archive.ubuntu.com/ubuntu jammy/main amd64 libhttp-date-perl all 6.05-1
    Ign:22 http://nova.clouds.archive.ubuntu.com/ubuntu jammy/main amd64 libio-html-perl all 1.004-2
    Ign:23 http://nova.clouds.archive.ubuntu.com/ubuntu jammy/main amd64 liblwp-mediatypes-perl all 6.04-1
    Ign:24 http://nova.clouds.archive.ubuntu.com/ubuntu jammy/main amd64 libhttp-message-perl all 6.36-1
    Ign:25 http://nova.clouds.archive.ubuntu.com/ubuntu jammy/main amd64 mecab-utils amd64 0.996-14build9
    Ign:26 http://nova.clouds.archive.ubuntu.com/ubuntu jammy/main amd64 mecab-ipadic all 2.7.0-20070801+main-3
    Ign:27 http://nova.clouds.archive.ubuntu.com/ubuntu jammy/main amd64 mecab-ipadic-utf8 all 2.7.0-20070801+main-3
    Ign:28 http://nova.clouds.archive.ubuntu.com/ubuntu jammy-updates/main amd64 mysql-server all 8.0.40-0ubuntu0.22.04.1
    Ign:29 http://nova.clouds.archive.ubuntu.com/ubuntu jammy-updates/main amd64 python3-pymysql all 1.0.2-1ubuntu1.22.04.1
    Err:1 http://nova.clouds.archive.ubuntu.com/ubuntu jammy/main amd64 mysql-common all 5.8+1.0.8
      Temporary failure resolving 'nova.clouds.archive.ubuntu.com'
    Ign:2 http://nova.clouds.archive.ubuntu.com/ubuntu jammy-updates/main amd64 mysql-client-core-8.0 amd64 8.0.40-0ubuntu0.22.04.1
    Ign:3 http://nova.clouds.archive.ubuntu.com/ubuntu jammy-updates/main amd64 mysql-client-8.0 amd64 8.0.40-0ubuntu0.22.04.1
    Err:4 http://nova.clouds.archive.ubuntu.com/ubuntu jammy/main amd64 libevent-pthreads-2.1-7 amd64 2.1.12-stable-1build3
      Temporary failure resolving 'nova.clouds.archive.ubuntu.com'
    Err:5 http://nova.clouds.archive.ubuntu.com/ubuntu jammy/main amd64 libmecab2 amd64 0.996-14build9
      Temporary failure resolving 'nova.clouds.archive.ubuntu.com'
    Ign:6 http://nova.clouds.archive.ubuntu.com/ubuntu jammy-updates/main amd64 libprotobuf-lite23 amd64 3.12.4-1ubuntu7.22.04.1
    Ign:7 http://nova.clouds.archive.ubuntu.com/ubuntu jammy-updates/main amd64 mysql-server-core-8.0 amd64 8.0.40-0ubuntu0.22.04.1
    Ign:8 http://nova.clouds.archive.ubuntu.com/ubuntu jammy-updates/main amd64 mysql-server-8.0 amd64 8.0.40-0ubuntu0.22.04.1
    Err:9 http://nova.clouds.archive.ubuntu.com/ubuntu jammy/main amd64 libhtml-tagset-perl all 3.20-4
      Temporary failure resolving 'nova.clouds.archive.ubuntu.com'
    Err:10 http://nova.clouds.archive.ubuntu.com/ubuntu jammy/main amd64 liburi-perl all 5.10-1
      Temporary failure resolving 'nova.clouds.archive.ubuntu.com'
    Err:11 http://nova.clouds.archive.ubuntu.com/ubuntu jammy/main amd64 libhtml-parser-perl amd64 3.76-1build2
      Temporary failure resolving 'nova.clouds.archive.ubuntu.com'
    Err:12 http://nova.clouds.archive.ubuntu.com/ubuntu jammy/main amd64 libcgi-pm-perl all 4.54-1
      Temporary failure resolving 'nova.clouds.archive.ubuntu.com'
    Err:13 http://nova.clouds.archive.ubuntu.com/ubuntu jammy/main amd64 libfcgi0ldbl amd64 2.4.2-2build2
      Temporary failure resolving 'nova.clouds.archive.ubuntu.com'
    Err:14 http://nova.clouds.archive.ubuntu.com/ubuntu jammy/main amd64 libfcgi-perl amd64 0.82+ds-1build1
      Temporary failure resolving 'nova.clouds.archive.ubuntu.com'
    Err:15 http://nova.clouds.archive.ubuntu.com/ubuntu jammy/main amd64 libcgi-fast-perl all 1:2.15-1
      Temporary failure resolving 'nova.clouds.archive.ubuntu.com'
    Err:16 http://nova.clouds.archive.ubuntu.com/ubuntu jammy/main amd64 libclone-perl amd64 0.45-1build3
      Temporary failure resolving 'nova.clouds.archive.ubuntu.com'
    Err:17 http://nova.clouds.archive.ubuntu.com/ubuntu jammy/main amd64 libencode-locale-perl all 1.05-1.1
      Temporary failure resolving 'nova.clouds.archive.ubuntu.com'
    Err:18 http://nova.clouds.archive.ubuntu.com/ubuntu jammy/main amd64 libfcgi-bin amd64 2.4.2-2build2
      Temporary failure resolving 'nova.clouds.archive.ubuntu.com'
    Err:19 http://nova.clouds.archive.ubuntu.com/ubuntu jammy/main amd64 libhtml-template-perl all 2.97-1.1
      Temporary failure resolving 'nova.clouds.archive.ubuntu.com'
    Err:20 http://nova.clouds.archive.ubuntu.com/ubuntu jammy/main amd64 libtimedate-perl all 2.3300-2
      Temporary failure resolving 'nova.clouds.archive.ubuntu.com'
    Err:21 http://nova.clouds.archive.ubuntu.com/ubuntu jammy/main amd64 libhttp-date-perl all 6.05-1
      Temporary failure resolving 'nova.clouds.archive.ubuntu.com'
    Err:22 http://nova.clouds.archive.ubuntu.com/ubuntu jammy/main amd64 libio-html-perl all 1.004-2
      Temporary failure resolving 'nova.clouds.archive.ubuntu.com'
    Err:23 http://nova.clouds.archive.ubuntu.com/ubuntu jammy/main amd64 liblwp-mediatypes-perl all 6.04-1
      Temporary failure resolving 'nova.clouds.archive.ubuntu.com'
    Err:2 http://security.ubuntu.com/ubuntu jammy-updates/main amd64 mysql-client-core-8.0 amd64 8.0.40-0ubuntu0.22.04.1
      Temporary failure resolving 'nova.clouds.archive.ubuntu.com'
    Err:24 http://nova.clouds.archive.ubuntu.com/ubuntu jammy/main amd64 libhttp-message-perl all 6.36-1
      Temporary failure resolving 'nova.clouds.archive.ubuntu.com'
    Err:25 http://nova.clouds.archive.ubuntu.com/ubuntu jammy/main amd64 mecab-utils amd64 0.996-14build9
      Temporary failure resolving 'nova.clouds.archive.ubuntu.com'
    Err:3 http://security.ubuntu.com/ubuntu jammy-updates/main amd64 mysql-client-8.0 amd64 8.0.40-0ubuntu0.22.04.1
      Temporary failure resolving 'nova.clouds.archive.ubuntu.com'
    Err:26 http://nova.clouds.archive.ubuntu.com/ubuntu jammy/main amd64 mecab-ipadic all 2.7.0-20070801+main-3
      Temporary failure resolving 'nova.clouds.archive.ubuntu.com'
    Err:6 http://security.ubuntu.com/ubuntu jammy-updates/main amd64 libprotobuf-lite23 amd64 3.12.4-1ubuntu7.22.04.1
      Temporary failure resolving 'nova.clouds.archive.ubuntu.com'
    Err:7 http://security.ubuntu.com/ubuntu jammy-updates/main amd64 mysql-server-core-8.0 amd64 8.0.40-0ubuntu0.22.04.1
      Temporary failure resolving 'nova.clouds.archive.ubuntu.com'
    Err:27 http://nova.clouds.archive.ubuntu.com/ubuntu jammy/main amd64 mecab-ipadic-utf8 all 2.7.0-20070801+main-3
      Temporary failure resolving 'nova.clouds.archive.ubuntu.com'
    Err:8 http://security.ubuntu.com/ubuntu jammy-updates/main amd64 mysql-server-8.0 amd64 8.0.40-0ubuntu0.22.04.1
      Temporary failure resolving 'nova.clouds.archive.ubuntu.com'
    Ign:28 http://nova.clouds.archive.ubuntu.com/ubuntu jammy-updates/main amd64 mysql-server all 8.0.40-0ubuntu0.22.04.1
    Err:28 http://security.ubuntu.com/ubuntu jammy-updates/main amd64 mysql-server all 8.0.40-0ubuntu0.22.04.1
      Temporary failure resolving 'nova.clouds.archive.ubuntu.com'
    Ign:29 http://nova.clouds.archive.ubuntu.com/ubuntu jammy-updates/main amd64 python3-pymysql all 1.0.2-1ubuntu1.22.04.1
    Err:29 http://security.ubuntu.com/ubuntu jammy-updates/main amd64 python3-pymysql all 1.0.2-1ubuntu1.22.04.1
      Temporary failure resolving 'nova.clouds.archive.ubuntu.com'
  stdout_lines: <omitted>
2024-11-17 19:49:32,298 p=53125 u=jason n=ansible | PLAY RECAP **************************************************************************************************************************************************************
2024-11-17 19:49:32,298 p=53125 u=jason n=ansible | 1PipeTeaseOps-1            : ok=4    changed=1    unreachable=0    failed=0    skipped=0    rescued=0    ignored=0   
2024-11-17 19:49:32,298 p=53125 u=jason n=ansible | 1PipeTeaseOps-2            : ok=16   changed=3    unreachable=0    failed=1    skipped=0    rescued=0    ignored=0   
2024-11-17 19:59:47,198 p=55891 u=jason n=ansible | PLAY [Initial setup] ****************************************************************************************************************************************************
2024-11-17 19:59:47,206 p=55891 u=jason n=ansible | TASK [Gathering Facts] **************************************************************************************************************************************************
2024-11-17 19:59:49,193 p=55891 u=jason n=ansible | ok: [1PipeTeaseOps-1]
2024-11-17 19:59:49,201 p=55891 u=jason n=ansible | ok: [1PipeTeaseOps-2]
2024-11-17 19:59:49,206 p=55891 u=jason n=ansible | TASK [init : Update APT cache] ******************************************************************************************************************************************
2024-11-17 19:59:50,198 p=55891 u=jason n=ansible | ok: [1PipeTeaseOps-1]
2024-11-17 19:59:50,204 p=55891 u=jason n=ansible | ok: [1PipeTeaseOps-2]
2024-11-17 19:59:50,214 p=55891 u=jason n=ansible | PLAY [Configure DNS Server] *********************************************************************************************************************************************
2024-11-17 19:59:50,220 p=55891 u=jason n=ansible | TASK [Gathering Facts] **************************************************************************************************************************************************
2024-11-17 19:59:51,340 p=55891 u=jason n=ansible | ok: [1PipeTeaseOps-2]
2024-11-17 19:59:51,345 p=55891 u=jason n=ansible | TASK [bind : Install Bind9] *********************************************************************************************************************************************
2024-11-17 19:59:52,517 p=55891 u=jason n=ansible | ok: [1PipeTeaseOps-2]
2024-11-17 19:59:52,524 p=55891 u=jason n=ansible | TASK [bind : Template named.conf.options] *******************************************************************************************************************************
2024-11-17 19:59:53,384 p=55891 u=jason n=ansible | ok: [1PipeTeaseOps-2]
2024-11-17 19:59:53,390 p=55891 u=jason n=ansible | TASK [bind : Template named.conf.local] *********************************************************************************************************************************
2024-11-17 19:59:54,110 p=55891 u=jason n=ansible | ok: [1PipeTeaseOps-2]
2024-11-17 19:59:54,117 p=55891 u=jason n=ansible | TASK [bind : Template forward zone file] ********************************************************************************************************************************
2024-11-17 19:59:54,786 p=55891 u=jason n=ansible | ok: [1PipeTeaseOps-2]
2024-11-17 19:59:54,792 p=55891 u=jason n=ansible | TASK [bind : Template reverse zone file] ********************************************************************************************************************************
2024-11-17 19:59:55,452 p=55891 u=jason n=ansible | ok: [1PipeTeaseOps-2]
2024-11-17 19:59:55,460 p=55891 u=jason n=ansible | TASK [bind : Validate Bind9 Configuration] ******************************************************************************************************************************
2024-11-17 19:59:55,893 p=55891 u=jason n=ansible | ok: [1PipeTeaseOps-2]
2024-11-17 19:59:55,899 p=55891 u=jason n=ansible | TASK [bind : Validate Forward Zone] *************************************************************************************************************************************
2024-11-17 19:59:56,272 p=55891 u=jason n=ansible | ok: [1PipeTeaseOps-2]
2024-11-17 19:59:56,279 p=55891 u=jason n=ansible | TASK [bind : Validate Reverse Zone] *************************************************************************************************************************************
2024-11-17 19:59:56,655 p=55891 u=jason n=ansible | ok: [1PipeTeaseOps-2]
2024-11-17 19:59:56,662 p=55891 u=jason n=ansible | TASK [bind : Ensure Bind9 is running and enabled] ***********************************************************************************************************************
2024-11-17 19:59:57,363 p=55891 u=jason n=ansible | ok: [1PipeTeaseOps-2]
2024-11-17 19:59:57,370 p=55891 u=jason n=ansible | PLAY [Configure DNS Client] *********************************************************************************************************************************************
2024-11-17 19:59:57,375 p=55891 u=jason n=ansible | TASK [Gathering Facts] **************************************************************************************************************************************************
2024-11-17 19:59:58,511 p=55891 u=jason n=ansible | ok: [1PipeTeaseOps-2]
2024-11-17 19:59:58,513 p=55891 u=jason n=ansible | ok: [1PipeTeaseOps-1]
2024-11-17 19:59:58,517 p=55891 u=jason n=ansible | TASK [config-dns : Resolv.conf] *****************************************************************************************************************************************
2024-11-17 19:59:58,602 p=55891 u=jason n=ansible | An exception occurred during task execution. To see the full traceback, use -vvv. The error was: ansible.errors.AnsibleUndefinedVariable: "hostvars['vm2']" is undefined
2024-11-17 19:59:58,603 p=55891 u=jason n=ansible | fatal: [1PipeTeaseOps-2]: FAILED! => changed=false 
  msg: 'AnsibleUndefinedVariable: "hostvars[''vm2'']" is undefined'
2024-11-17 19:59:58,603 p=55891 u=jason n=ansible | An exception occurred during task execution. To see the full traceback, use -vvv. The error was: ansible.errors.AnsibleUndefinedVariable: "hostvars['vm2']" is undefined
2024-11-17 19:59:58,603 p=55891 u=jason n=ansible | fatal: [1PipeTeaseOps-1]: FAILED! => changed=false 
  msg: 'AnsibleUndefinedVariable: "hostvars[''vm2'']" is undefined'
2024-11-17 19:59:58,604 p=55891 u=jason n=ansible | PLAY RECAP **************************************************************************************************************************************************************
2024-11-17 19:59:58,604 p=55891 u=jason n=ansible | 1PipeTeaseOps-1            : ok=3    changed=0    unreachable=0    failed=1    skipped=0    rescued=0    ignored=0   
2024-11-17 19:59:58,604 p=55891 u=jason n=ansible | 1PipeTeaseOps-2            : ok=13   changed=0    unreachable=0    failed=1    skipped=0    rescued=0    ignored=0   
2024-11-17 20:00:59,567 p=56339 u=jason n=ansible | PLAY [Initial setup] ****************************************************************************************************************************************************
2024-11-17 20:00:59,575 p=56339 u=jason n=ansible | TASK [Gathering Facts] **************************************************************************************************************************************************
2024-11-17 20:01:01,492 p=56339 u=jason n=ansible | ok: [1PipeTeaseOps-2]
2024-11-17 20:01:01,499 p=56339 u=jason n=ansible | ok: [1PipeTeaseOps-1]
2024-11-17 20:01:01,505 p=56339 u=jason n=ansible | TASK [init : Update APT cache] ******************************************************************************************************************************************
2024-11-17 20:01:02,493 p=56339 u=jason n=ansible | ok: [1PipeTeaseOps-2]
2024-11-17 20:01:02,493 p=56339 u=jason n=ansible | ok: [1PipeTeaseOps-1]
2024-11-17 20:01:02,507 p=56339 u=jason n=ansible | PLAY [Configure DNS Server] *********************************************************************************************************************************************
2024-11-17 20:01:02,514 p=56339 u=jason n=ansible | TASK [Gathering Facts] **************************************************************************************************************************************************
2024-11-17 20:01:03,539 p=56339 u=jason n=ansible | ok: [1PipeTeaseOps-2]
2024-11-17 20:01:03,544 p=56339 u=jason n=ansible | TASK [bind : Install Bind9] *********************************************************************************************************************************************
2024-11-17 20:01:04,845 p=56339 u=jason n=ansible | ok: [1PipeTeaseOps-2]
2024-11-17 20:01:04,853 p=56339 u=jason n=ansible | TASK [bind : Template named.conf.options] *******************************************************************************************************************************
2024-11-17 20:01:05,687 p=56339 u=jason n=ansible | ok: [1PipeTeaseOps-2]
2024-11-17 20:01:05,693 p=56339 u=jason n=ansible | TASK [bind : Template named.conf.local] *********************************************************************************************************************************
2024-11-17 20:01:06,410 p=56339 u=jason n=ansible | ok: [1PipeTeaseOps-2]
2024-11-17 20:01:06,416 p=56339 u=jason n=ansible | TASK [bind : Template forward zone file] ********************************************************************************************************************************
2024-11-17 20:01:07,122 p=56339 u=jason n=ansible | ok: [1PipeTeaseOps-2]
2024-11-17 20:01:07,129 p=56339 u=jason n=ansible | TASK [bind : Template reverse zone file] ********************************************************************************************************************************
2024-11-17 20:01:07,827 p=56339 u=jason n=ansible | ok: [1PipeTeaseOps-2]
2024-11-17 20:01:07,835 p=56339 u=jason n=ansible | TASK [bind : Validate Bind9 Configuration] ******************************************************************************************************************************
2024-11-17 20:01:08,292 p=56339 u=jason n=ansible | ok: [1PipeTeaseOps-2]
2024-11-17 20:01:08,299 p=56339 u=jason n=ansible | TASK [bind : Validate Forward Zone] *************************************************************************************************************************************
2024-11-17 20:01:08,707 p=56339 u=jason n=ansible | ok: [1PipeTeaseOps-2]
2024-11-17 20:01:08,713 p=56339 u=jason n=ansible | TASK [bind : Validate Reverse Zone] *************************************************************************************************************************************
2024-11-17 20:01:09,096 p=56339 u=jason n=ansible | ok: [1PipeTeaseOps-2]
2024-11-17 20:01:09,105 p=56339 u=jason n=ansible | TASK [bind : Ensure Bind9 is running and enabled] ***********************************************************************************************************************
2024-11-17 20:01:09,870 p=56339 u=jason n=ansible | ok: [1PipeTeaseOps-2]
2024-11-17 20:01:09,878 p=56339 u=jason n=ansible | PLAY [Configure DNS Client] *********************************************************************************************************************************************
2024-11-17 20:01:09,885 p=56339 u=jason n=ansible | TASK [Gathering Facts] **************************************************************************************************************************************************
2024-11-17 20:01:11,012 p=56339 u=jason n=ansible | ok: [1PipeTeaseOps-2]
2024-11-17 20:01:11,014 p=56339 u=jason n=ansible | ok: [1PipeTeaseOps-1]
2024-11-17 20:01:11,018 p=56339 u=jason n=ansible | TASK [config-dns : Resolv.conf] *****************************************************************************************************************************************
2024-11-17 20:01:11,862 p=56339 u=jason n=ansible | changed: [1PipeTeaseOps-2]
2024-11-17 20:01:11,864 p=56339 u=jason n=ansible | changed: [1PipeTeaseOps-1]
2024-11-17 20:01:11,871 p=56339 u=jason n=ansible | TASK [config-dns : Stop systemd-resolved] *******************************************************************************************************************************
2024-11-17 20:01:12,534 p=56339 u=jason n=ansible | ok: [1PipeTeaseOps-1]
2024-11-17 20:01:12,535 p=56339 u=jason n=ansible | ok: [1PipeTeaseOps-2]
2024-11-17 20:01:12,547 p=56339 u=jason n=ansible | PLAY [Configure Database Server] ****************************************************************************************************************************************
2024-11-17 20:01:12,553 p=56339 u=jason n=ansible | TASK [Gathering Facts] **************************************************************************************************************************************************
2024-11-17 20:01:13,665 p=56339 u=jason n=ansible | ok: [1PipeTeaseOps-2]
2024-11-17 20:01:13,671 p=56339 u=jason n=ansible | TASK [mysql : Install MySQL Server] *************************************************************************************************************************************
2024-11-17 20:03:34,794 p=56339 u=jason n=ansible | changed: [1PipeTeaseOps-2]
2024-11-17 20:03:34,801 p=56339 u=jason n=ansible | TASK [mysql : Copy Override Config] *************************************************************************************************************************************
2024-11-17 20:03:35,742 p=56339 u=jason n=ansible | changed: [1PipeTeaseOps-2]
2024-11-17 20:03:35,746 p=56339 u=jason n=ansible | TASK [mysql : Enable and Start MySQL Server] ****************************************************************************************************************************
2024-11-17 20:03:36,274 p=56339 u=jason n=ansible | ok: [1PipeTeaseOps-2]
2024-11-17 20:03:36,282 p=56339 u=jason n=ansible | TASK [mysql : MySQL Database] *******************************************************************************************************************************************
2024-11-17 20:03:37,023 p=56339 u=jason n=ansible | changed: [1PipeTeaseOps-2]
2024-11-17 20:03:37,029 p=56339 u=jason n=ansible | TASK [mysql : Create MySQL User] ****************************************************************************************************************************************
2024-11-17 20:03:37,760 p=56339 u=jason n=ansible | [WARNING]: Option column_case_sensitive is not provided. The default is now false, so the column's name will be uppercased. The default will be changed to true in
community.mysql 4.0.0.

2024-11-17 20:03:37,761 p=56339 u=jason n=ansible | changed: [1PipeTeaseOps-2]
2024-11-17 20:03:37,777 p=56339 u=jason n=ansible | RUNNING HANDLER [mysql : Restart MySQL] *********************************************************************************************************************************
2024-11-17 20:03:42,044 p=56339 u=jason n=ansible | changed: [1PipeTeaseOps-2]
2024-11-17 20:03:42,046 p=56339 u=jason n=ansible | PLAY [Configure Agama] **************************************************************************************************************************************************
2024-11-17 20:03:42,053 p=56339 u=jason n=ansible | TASK [Gathering Facts] **************************************************************************************************************************************************
2024-11-17 20:03:43,910 p=56339 u=jason n=ansible | ok: [1PipeTeaseOps-1]
2024-11-17 20:03:43,914 p=56339 u=jason n=ansible | TASK [agama : make user Agama] ******************************************************************************************************************************************
2024-11-17 20:03:45,030 p=56339 u=jason n=ansible | changed: [1PipeTeaseOps-1]
2024-11-17 20:03:45,036 p=56339 u=jason n=ansible | TASK [agama : Agama is owner now] ***************************************************************************************************************************************
2024-11-17 20:03:45,415 p=56339 u=jason n=ansible | changed: [1PipeTeaseOps-1]
2024-11-17 20:03:45,422 p=56339 u=jason n=ansible | TASK [agama : download python3 flask sql] *******************************************************************************************************************************
2024-11-17 20:04:03,810 p=56339 u=jason n=ansible | changed: [1PipeTeaseOps-1]
2024-11-17 20:04:03,817 p=56339 u=jason n=ansible | TASK [agama : Download agama.py] ****************************************************************************************************************************************
2024-11-17 20:04:04,471 p=56339 u=jason n=ansible | changed: [1PipeTeaseOps-1]
2024-11-17 20:04:04,479 p=56339 u=jason n=ansible | PLAY [Configure uWSGI] **************************************************************************************************************************************************
2024-11-17 20:04:04,485 p=56339 u=jason n=ansible | TASK [Gathering Facts] **************************************************************************************************************************************************
2024-11-17 20:04:05,617 p=56339 u=jason n=ansible | ok: [1PipeTeaseOps-1]
2024-11-17 20:04:05,622 p=56339 u=jason n=ansible | TASK [uwsgi : Install uWSGI] ********************************************************************************************************************************************
2024-11-17 20:04:30,790 p=56339 u=jason n=ansible | changed: [1PipeTeaseOps-1]
2024-11-17 20:04:30,797 p=56339 u=jason n=ansible | TASK [uwsgi : Configure host uwsgi] *************************************************************************************************************************************
2024-11-17 20:04:31,619 p=56339 u=jason n=ansible | changed: [1PipeTeaseOps-1]
2024-11-17 20:04:31,625 p=56339 u=jason n=ansible | TASK [uwsgi : Enable and start uWSGI service] ***************************************************************************************************************************
2024-11-17 20:04:32,225 p=56339 u=jason n=ansible | ok: [1PipeTeaseOps-1]
2024-11-17 20:04:32,240 p=56339 u=jason n=ansible | RUNNING HANDLER [uwsgi : restart uwsgi] *********************************************************************************************************************************
2024-11-17 20:04:33,145 p=56339 u=jason n=ansible | changed: [1PipeTeaseOps-1]
2024-11-17 20:04:33,148 p=56339 u=jason n=ansible | PLAY [Configure Nginx] **************************************************************************************************************************************************
2024-11-17 20:04:33,155 p=56339 u=jason n=ansible | TASK [Gathering Facts] **************************************************************************************************************************************************
2024-11-17 20:04:34,596 p=56339 u=jason n=ansible | ok: [1PipeTeaseOps-1]
2024-11-17 20:04:34,601 p=56339 u=jason n=ansible | TASK [nginx : Install nginx] ********************************************************************************************************************************************
2024-11-17 20:05:03,664 p=56339 u=jason n=ansible | changed: [1PipeTeaseOps-1]
2024-11-17 20:05:03,670 p=56339 u=jason n=ansible | TASK [nginx : Template Nginx Config] ************************************************************************************************************************************
2024-11-17 20:05:04,443 p=56339 u=jason n=ansible | changed: [1PipeTeaseOps-1]
2024-11-17 20:05:04,457 p=56339 u=jason n=ansible | RUNNING HANDLER [nginx : restart nginx] *********************************************************************************************************************************
2024-11-17 20:05:05,195 p=56339 u=jason n=ansible | changed: [1PipeTeaseOps-1]
2024-11-17 20:05:05,196 p=56339 u=jason n=ansible | PLAY RECAP **************************************************************************************************************************************************************
2024-11-17 20:05:05,196 p=56339 u=jason n=ansible | 1PipeTeaseOps-1            : ok=19   changed=11   unreachable=0    failed=0    skipped=0    rescued=0    ignored=0   
2024-11-17 20:05:05,196 p=56339 u=jason n=ansible | 1PipeTeaseOps-2            : ok=22   changed=6    unreachable=0    failed=0    skipped=0    rescued=0    ignored=0   
2024-11-17 20:26:43,979 p=62411 u=jason n=ansible | PLAY [Initial setup] ****************************************************************************************************************************************************
2024-11-17 20:26:43,987 p=62411 u=jason n=ansible | TASK [Gathering Facts] **************************************************************************************************************************************************
2024-11-17 20:26:46,027 p=62411 u=jason n=ansible | ok: [1PipeTeaseOps-1]
2024-11-17 20:26:46,630 p=62411 u=jason n=ansible | ok: [1PipeTeaseOps-2]
2024-11-17 20:26:46,635 p=62411 u=jason n=ansible | TASK [init : Update APT cache] ******************************************************************************************************************************************
2024-11-17 20:26:47,638 p=62411 u=jason n=ansible | ok: [1PipeTeaseOps-1]
2024-11-17 20:26:47,788 p=62411 u=jason n=ansible | ok: [1PipeTeaseOps-2]
2024-11-17 20:26:47,802 p=62411 u=jason n=ansible | PLAY [Configure DNS Server] *********************************************************************************************************************************************
2024-11-17 20:26:47,810 p=62411 u=jason n=ansible | TASK [Gathering Facts] **************************************************************************************************************************************************
2024-11-17 20:26:48,886 p=62411 u=jason n=ansible | ok: [1PipeTeaseOps-2]
2024-11-17 20:26:48,891 p=62411 u=jason n=ansible | TASK [bind : Install Bind9] *********************************************************************************************************************************************
2024-11-17 20:26:50,194 p=62411 u=jason n=ansible | ok: [1PipeTeaseOps-2]
2024-11-17 20:26:50,202 p=62411 u=jason n=ansible | TASK [bind : Template named.conf.options] *******************************************************************************************************************************
2024-11-17 20:26:51,024 p=62411 u=jason n=ansible | ok: [1PipeTeaseOps-2]
2024-11-17 20:26:51,029 p=62411 u=jason n=ansible | TASK [bind : Template named.conf.local] *********************************************************************************************************************************
2024-11-17 20:26:51,721 p=62411 u=jason n=ansible | ok: [1PipeTeaseOps-2]
2024-11-17 20:26:51,728 p=62411 u=jason n=ansible | TASK [bind : Template forward zone file] ********************************************************************************************************************************
2024-11-17 20:26:52,573 p=62411 u=jason n=ansible | changed: [1PipeTeaseOps-2]
2024-11-17 20:26:52,579 p=62411 u=jason n=ansible | TASK [bind : Template reverse zone file] ********************************************************************************************************************************
2024-11-17 20:26:53,324 p=62411 u=jason n=ansible | changed: [1PipeTeaseOps-2]
2024-11-17 20:26:53,331 p=62411 u=jason n=ansible | TASK [bind : Validate Bind9 Configuration] ******************************************************************************************************************************
2024-11-17 20:26:53,763 p=62411 u=jason n=ansible | ok: [1PipeTeaseOps-2]
2024-11-17 20:26:53,769 p=62411 u=jason n=ansible | TASK [bind : Validate Forward Zone] *************************************************************************************************************************************
2024-11-17 20:26:54,135 p=62411 u=jason n=ansible | ok: [1PipeTeaseOps-2]
2024-11-17 20:26:54,142 p=62411 u=jason n=ansible | TASK [bind : Validate Reverse Zone] *************************************************************************************************************************************
2024-11-17 20:26:54,538 p=62411 u=jason n=ansible | ok: [1PipeTeaseOps-2]
2024-11-17 20:26:54,546 p=62411 u=jason n=ansible | TASK [bind : Ensure Bind9 is running and enabled] ***********************************************************************************************************************
2024-11-17 20:26:55,320 p=62411 u=jason n=ansible | ok: [1PipeTeaseOps-2]
2024-11-17 20:26:55,334 p=62411 u=jason n=ansible | RUNNING HANDLER [bind : Restart Bind9] **********************************************************************************************************************************
2024-11-17 20:26:56,034 p=62411 u=jason n=ansible | changed: [1PipeTeaseOps-2]
2024-11-17 20:26:56,036 p=62411 u=jason n=ansible | PLAY [Configure DNS Client] *********************************************************************************************************************************************
2024-11-17 20:26:56,043 p=62411 u=jason n=ansible | TASK [Gathering Facts] **************************************************************************************************************************************************
2024-11-17 20:26:57,079 p=62411 u=jason n=ansible | ok: [1PipeTeaseOps-1]
2024-11-17 20:26:57,081 p=62411 u=jason n=ansible | ok: [1PipeTeaseOps-2]
2024-11-17 20:26:57,085 p=62411 u=jason n=ansible | TASK [config-dns : Resolv.conf] *****************************************************************************************************************************************
2024-11-17 20:26:57,776 p=62411 u=jason n=ansible | ok: [1PipeTeaseOps-2]
2024-11-17 20:26:57,985 p=62411 u=jason n=ansible | ok: [1PipeTeaseOps-1]
2024-11-17 20:26:57,993 p=62411 u=jason n=ansible | TASK [config-dns : Stop systemd-resolved] *******************************************************************************************************************************
2024-11-17 20:26:58,599 p=62411 u=jason n=ansible | ok: [1PipeTeaseOps-2]
2024-11-17 20:26:58,600 p=62411 u=jason n=ansible | ok: [1PipeTeaseOps-1]
2024-11-17 20:26:58,611 p=62411 u=jason n=ansible | PLAY [Configure Database Server] ****************************************************************************************************************************************
2024-11-17 20:26:58,617 p=62411 u=jason n=ansible | TASK [Gathering Facts] **************************************************************************************************************************************************
2024-11-17 20:26:59,743 p=62411 u=jason n=ansible | ok: [1PipeTeaseOps-2]
2024-11-17 20:26:59,747 p=62411 u=jason n=ansible | TASK [mysql : Install MySQL Server] *************************************************************************************************************************************
2024-11-17 20:27:00,902 p=62411 u=jason n=ansible | ok: [1PipeTeaseOps-2]
2024-11-17 20:27:00,908 p=62411 u=jason n=ansible | TASK [mysql : Copy Override Config] *************************************************************************************************************************************
2024-11-17 20:27:01,765 p=62411 u=jason n=ansible | ok: [1PipeTeaseOps-2]
2024-11-17 20:27:01,772 p=62411 u=jason n=ansible | TASK [mysql : Enable and Start MySQL Server] ****************************************************************************************************************************
2024-11-17 20:27:02,320 p=62411 u=jason n=ansible | ok: [1PipeTeaseOps-2]
2024-11-17 20:27:02,326 p=62411 u=jason n=ansible | TASK [mysql : MySQL Database] *******************************************************************************************************************************************
2024-11-17 20:27:02,855 p=62411 u=jason n=ansible | ok: [1PipeTeaseOps-2]
2024-11-17 20:27:02,860 p=62411 u=jason n=ansible | TASK [mysql : Create MySQL User] ****************************************************************************************************************************************
2024-11-17 20:27:03,421 p=62411 u=jason n=ansible | [WARNING]: Option column_case_sensitive is not provided. The default is now false, so the column's name will be uppercased. The default will be changed to true in
community.mysql 4.0.0.

2024-11-17 20:27:03,421 p=62411 u=jason n=ansible | ok: [1PipeTeaseOps-2]
2024-11-17 20:27:03,428 p=62411 u=jason n=ansible | PLAY [Configure Agama] **************************************************************************************************************************************************
2024-11-17 20:27:03,435 p=62411 u=jason n=ansible | TASK [Gathering Facts] **************************************************************************************************************************************************
2024-11-17 20:27:04,533 p=62411 u=jason n=ansible | ok: [1PipeTeaseOps-1]
2024-11-17 20:27:04,540 p=62411 u=jason n=ansible | TASK [agama : make user Agama] ******************************************************************************************************************************************
2024-11-17 20:27:05,031 p=62411 u=jason n=ansible | ok: [1PipeTeaseOps-1]
2024-11-17 20:27:05,037 p=62411 u=jason n=ansible | TASK [agama : Agama is owner now] ***************************************************************************************************************************************
2024-11-17 20:27:05,385 p=62411 u=jason n=ansible | ok: [1PipeTeaseOps-1]
2024-11-17 20:27:05,392 p=62411 u=jason n=ansible | TASK [agama : download python3 flask sql] *******************************************************************************************************************************
2024-11-17 20:27:06,580 p=62411 u=jason n=ansible | ok: [1PipeTeaseOps-1]
2024-11-17 20:27:06,585 p=62411 u=jason n=ansible | TASK [agama : Download agama.py] ****************************************************************************************************************************************
2024-11-17 20:27:07,137 p=62411 u=jason n=ansible | ok: [1PipeTeaseOps-1]
2024-11-17 20:27:07,145 p=62411 u=jason n=ansible | PLAY [Configure uWSGI] **************************************************************************************************************************************************
2024-11-17 20:27:07,152 p=62411 u=jason n=ansible | TASK [Gathering Facts] **************************************************************************************************************************************************
2024-11-17 20:27:08,240 p=62411 u=jason n=ansible | ok: [1PipeTeaseOps-1]
2024-11-17 20:27:08,245 p=62411 u=jason n=ansible | TASK [uwsgi : Install uWSGI] ********************************************************************************************************************************************
2024-11-17 20:27:09,312 p=62411 u=jason n=ansible | ok: [1PipeTeaseOps-1]
2024-11-17 20:27:09,318 p=62411 u=jason n=ansible | TASK [uwsgi : Configure host uwsgi] *************************************************************************************************************************************
2024-11-17 20:27:10,019 p=62411 u=jason n=ansible | ok: [1PipeTeaseOps-1]
2024-11-17 20:27:10,026 p=62411 u=jason n=ansible | TASK [uwsgi : Enable and start uWSGI service] ***************************************************************************************************************************
2024-11-17 20:27:10,568 p=62411 u=jason n=ansible | ok: [1PipeTeaseOps-1]
2024-11-17 20:27:10,573 p=62411 u=jason n=ansible | PLAY [Configure Nginx] **************************************************************************************************************************************************
2024-11-17 20:27:10,578 p=62411 u=jason n=ansible | TASK [Gathering Facts] **************************************************************************************************************************************************
2024-11-17 20:27:11,582 p=62411 u=jason n=ansible | ok: [1PipeTeaseOps-1]
2024-11-17 20:27:11,586 p=62411 u=jason n=ansible | TASK [nginx : Install nginx] ********************************************************************************************************************************************
2024-11-17 20:27:12,636 p=62411 u=jason n=ansible | ok: [1PipeTeaseOps-1]
2024-11-17 20:27:12,643 p=62411 u=jason n=ansible | TASK [nginx : Template Nginx Config] ************************************************************************************************************************************
2024-11-17 20:27:13,313 p=62411 u=jason n=ansible | ok: [1PipeTeaseOps-1]
2024-11-17 20:27:13,319 p=62411 u=jason n=ansible | PLAY RECAP **************************************************************************************************************************************************************
2024-11-17 20:27:13,319 p=62411 u=jason n=ansible | 1PipeTeaseOps-1            : ok=17   changed=0    unreachable=0    failed=0    skipped=0    rescued=0    ignored=0   
2024-11-17 20:27:13,319 p=62411 u=jason n=ansible | 1PipeTeaseOps-2            : ok=22   changed=3    unreachable=0    failed=0    skipped=0    rescued=0    ignored=0   
